<?xml version="1.0" encoding="UTF-8" ?>
<testsuite tests="2" failures="0" name="com.wipro.CalculatorTest" time="0.007" errors="0" skipped="0">
  <properties>
    <property name="PROCESSOR_ARCHITECTURE" value="x86"/>
    <property name="file.encoding.pkg" value="sun.io"/>
    <property name="ProgramData" value="C:\ProgramData"/>
    <property name="java.home" value="C:\Program Files\Java\jdk1.8.0_112\jre"/>
    <property name="NODE_NAME" value="master"/>
    <property name="_COMPUTER_ComputerFunction" value="Workstation"/>
    <property name="JENKINS_URL" value="http://localhost:8080/"/>
    <property name="ALLUSERSPROFILE" value="C:\ProgramData"/>
    <property name="java.endorsed.dirs" value="C:\Program Files\Java\jdk1.8.0_112\jre\lib\endorsed"/>
    <property name="PSModulePath" value="C:\WINDOWS\system32\WindowsPowerShell\v1.0\Modules\;C:\Program Files\AutoIt3\AutoItX"/>
    <property name="USERDOMAIN" value="SBICZA01"/>
    <property name="sun.os.patch.level" value="Service Pack 1"/>
    <property name="java.vendor.url" value="http://java.oracle.com/"/>
    <property name="java.version" value="1.8.0_112"/>
    <property name="JOB_NAME" value="mavendemo"/>
    <property name="_COMPUTER_MACAddress" value="340286D85748"/>
    <property name="COMPUTERNAME" value="00620JNBITD556L"/>
    <property name="MSJAVA_ENABLE_MONITORS" value="1"/>
    <property name="FSHARPINSTALLDIR" value="C:\Program Files\Microsoft SDKs\F#\4.1\Framework\v4.0\"/>
    <property name="windows_tracing_logfile" value="C:\BVTBin\Tests\installpackage\csilogfile.log"/>
    <property name="java.vendor.url.bug" value="http://bugreport.sun.com/bugreport/"/>
    <property name="PUBLIC" value="C:\Users\Public"/>
    <property name="user.name" value="00620JNBITD556L$"/>
    <property name="sun.io.unicode.encoding" value="UnicodeLittle"/>
    <property name="sun.jnu.encoding" value="Cp1252"/>
    <property name="java.runtime.name" value="Java(TM) SE Runtime Environment"/>
    <property name="windir" value="C:\WINDOWS"/>
    <property name="PROCESSOR_IDENTIFIER" value="x86 Family 6 Model 61 Stepping 4, GenuineIntel"/>
    <property name="_COMPUTER_MainBoardProduct" value="0D8H72"/>
    <property name="java.specification.name" value="Java Platform API Specification"/>
    <property name="LOCALAPPDATA" value="C:\WINDOWS\system32\config\systemprofile\AppData\Local"/>
    <property name="RUN_CHANGES_DISPLAY_URL" value="http://localhost:8080/job/mavendemo/11/display/redirect?page=changes"/>
    <property name="user.timezone" value="Africa/Harare"/>
    <property name="user.script" value=""/>
    <property name="path.separator" value=";"/>
    <property name="NUMBER_OF_PROCESSORS" value="4"/>
    <property name="BUILD_TAG" value="jenkins-mavendemo-11"/>
    <property name="_COMPUTER_IPAddress" value="10.191.132.49"/>
    <property name="windows_tracing_flags" value="3"/>
    <property name="file.encoding" value="Cp1252"/>
    <property name="VS140COMNTOOLS" value="C:\Program Files\Microsoft Visual Studio 14.0\Common7\Tools\"/>
    <property name="sun.java.command" value="jenkins.maven3.agent.Maven33Main C:\Selenium Automation\apache-maven-3.3.9 C:\Program Files\Jenkins\war\WEB-INF\lib\remoting-3.7.jar C:\Program Files\Jenkins\plugins\maven-plugin\WEB-INF\lib\maven33-interceptor-1.8.1.jar C:\Program Files\Jenkins\plugins\maven-plugin\WEB-INF\lib\maven3-interceptor-commons-1.8.1.jar 55367"/>
    <property name="HUDSON_URL" value="http://localhost:8080/"/>
    <property name="_COMPUTER_ComputerName" value="00620JNBITD556L"/>
    <property name="JENKINS_SERVER_COOKIE" value="2e9e2ebf348a43b4"/>
    <property name="_COMPUTER_SerialNumber" value="9BYJR32"/>
    <property name="EXECUTOR_NUMBER" value="1"/>
    <property name="Path" value="C:\Program Files\Java\jdk1.8.0_112/bin;C:\ProgramData\Oracle\Java\javapath;C:\Program Files\Common Files\Microsoft Shared\Microsoft Online Services;C:\oracle\ora92\bin;C:\Program Files\Oracle\jre\1.3.1\bin;C:\Program Files\Oracle\jre\1.1.8\bin;C:\WINDOWS\system32;C:\WINDOWS;C:\WINDOWS\System32\Wbem;C:\WINDOWS\System32\WindowsPowerShell\v1.0\;C:\Program Files\Common Files\SOFTPRO\Shared;C:\Program Files\Common Files\SOFTPRO\Shared;C:\Program Files\Common Files\SOFTPRO\Shared;C:\Selenium Automation\IEDriverServer_Win32_2.48.0\IEDriverServer.exe;C:\Selenium Automation\chromedriver_win32\chromedriver.exe;C:\Selenium Testing\Library\selenium-server-standalone-2.48.1.jar;C:\INSIGH~1\Cruxbin;C:\Program Files\Java\jdk1.8.0_60\bin;C:\Selenium Automation\apache-ant-1.9.6\bin;C:\Program Files\Java\jdk1.8.0_66\bin;C:\Selenium Automation\apache-maven-3.3.9\bin;C:\oracle\ora92\network\ADMIN;C:\Program Files\File Viewer Lite\lib\magick;C:\Program Files\ibm\gsk8\lib;C:\Program Files\ibm\gsk8\lib;C:\Users\c00620202\AppData\Roaming\npm\node_modules\jasmine\lib\examples;C:\IMDS\Modules;C:\Program Files\dotnet\;C:\Program Files\Java\jdk1.8.0_112\bin;C:\Program Files\HP\Unified Functional Testing\bin;C:\Program Files\nodejs\;C:\Program Files\Git\cmd;"/>
    <property name="_COMPUTER_IMDSExtractionDate" value="2016-10-06 10:00"/>
    <property name="BASE" value="C:\Program Files\Jenkins"/>
    <property name="_COMPUTER_BuildDate" value="2015-06-18 14:40"/>
    <property name="java.io.tmpdir" value="C:\WINDOWS\TEMP\"/>
    <property name="APPDATA" value="C:\WINDOWS\system32\config\systemprofile\AppData\Roaming"/>
    <property name="DEFLOGDIR" value="C:\ProgramData\McAfee\Endpoint Security\Logs"/>
    <property name="user.language" value="en"/>
    <property name="line.separator" value="
"/>
    <property name="_SITE_OS2-FS" value="A3037D23"/>
    <property name="BUILD_URL" value="http://localhost:8080/job/mavendemo/11/"/>
    <property name="IBM_JAVA_OPTIONS" value="-Xrunjvmhook -Xbootclasspath/a:&quot;C:\Program Files\HP\Unified Functional Testing\bin\java_shared\classes;C:\Program Files\HP\Unified Functional Testing\bin\java_shared\classes\jasmine.jar&quot;"/>
    <property name="M2_HOME" value="C:\Selenium Automation\apache-maven-3.3.9"/>
    <property name="java.vm.info" value="mixed mode, sharing"/>
    <property name="sun.desktop" value="windows"/>
    <property name="java.vm.specification.name" value="Java Virtual Machine Specification"/>
    <property name="BUILD_DISPLAY_NAME" value="#11"/>
    <property name="OS" value="Windows_NT"/>
    <property name="LSERVRC" value="C:\ProgramData\HP\Functional testing\License\lservrc"/>
    <property name="guice.disable.misplaced.annotation.check" value="true"/>
    <property name="HUDSON_SERVER_COOKIE" value="2e9e2ebf348a43b4"/>
    <property name="MAVEN_HOME" value="C:\Selenium Automation\apache-maven-3.3.9"/>
    <property name="PATHEXT" value=".COM;.EXE;.BAT;.CMD;.VBS;.VBE;.JS;.JSE;.WSF;.WSH;.MSC"/>
    <property name="java.awt.printerjob" value="sun.awt.windows.WPrinterJob"/>
    <property name="_COMPUTER_OSVersion" value="6.1.7601"/>
    <property name="maven3.interceptor.common" value="C:\Program Files\Jenkins\plugins\maven-plugin\WEB-INF\lib\maven3-interceptor-commons-1.8.1.jar"/>
    <property name="CLASSPATH" value=""/>
    <property name="ST_INSTALL_PATH" value="C:\Program Files\HP\Unified Functional Testing\"/>
    <property name="os.name" value="Windows 7"/>
    <property name="java.specification.vendor" value="Oracle Corporation"/>
    <property name="FP_NO_HOST_CHECK" value="NO"/>
    <property name="java.vm.name" value="Java HotSpot(TM) Client VM"/>
    <property name="BUILD_NUMBER" value="11"/>
    <property name="maven3.interceptor" value="C:\Program Files\Jenkins\plugins\maven-plugin\WEB-INF\lib\maven33-interceptor-1.8.1.jar"/>
    <property name="java.library.path" value="C:\Program Files\Java\jdk1.8.0_112\bin;C:\WINDOWS\Sun\Java\bin;C:\WINDOWS\system32;C:\WINDOWS;C:\Selenium Automation\apache-maven-3.3.9/bin;C:\Program Files\Java\jdk1.8.0_112/bin;C:\Program Files\Java\jdk1.8.0_112/bin;C:\ProgramData\Oracle\Java\javapath;C:\Program Files\Common Files\Microsoft Shared\Microsoft Online Services;C:\oracle\ora92\bin;C:\Program Files\Oracle\jre\1.3.1\bin;C:\Program Files\Oracle\jre\1.1.8\bin;C:\WINDOWS\system32;C:\WINDOWS;C:\WINDOWS\System32\Wbem;C:\WINDOWS\System32\WindowsPowerShell\v1.0\;C:\Program Files\Common Files\SOFTPRO\Shared;C:\Program Files\Common Files\SOFTPRO\Shared;C:\Program Files\Common Files\SOFTPRO\Shared;C:\Selenium Automation\IEDriverServer_Win32_2.48.0\IEDriverServer.exe;C:\Selenium Automation\chromedriver_win32\chromedriver.exe;C:\Selenium Testing\Library\selenium-server-standalone-2.48.1.jar;C:\INSIGH~1\Cruxbin;C:\Program Files\Java\jdk1.8.0_60\bin;C:\Selenium Automation\apache-ant-1.9.6\bin;C:\Program Files\Java\jdk1.8.0_66\bin;C:\Selenium Automation\apache-maven-3.3.9\bin;C:\oracle\ora92\network\ADMIN;C:\Program Files\File Viewer Lite\lib\magick;C:\Program Files\ibm\gsk8\lib;C:\Program Files\ibm\gsk8\lib;C:\Users\c00620202\AppData\Roaming\npm\node_modules\jasmine\lib\examples;C:\IMDS\Modules;C:\Program Files\dotnet\;C:\Program Files\Java\jdk1.8.0_112\bin;C:\Program Files\HP\Unified Functional Testing\bin;C:\Program Files\nodejs\;C:\Program Files\Git\cmd;;."/>
    <property name="WINSW_EXECUTABLE" value="C:\Program Files\Jenkins\jenkins.exe"/>
    <property name="_COMPUTER_IMDSConfigModuleVersion" value="2.2.5"/>
    <property name="POM_GROUPID" value="com.wipro"/>
    <property name="POM_ARTIFACTID" value="lab3"/>
    <property name="java.class.version" value="52.0"/>
    <property name="JOB_URL" value="http://localhost:8080/job/mavendemo/"/>
    <property name="ANT_HOME" value="C:\Selenium Automation\apache-ant-1.9.6"/>
    <property name="RUN_DISPLAY_URL" value="http://localhost:8080/job/mavendemo/11/display/redirect"/>
    <property name="JENKINS_HOME" value="C:\Program Files\Jenkins"/>
    <property name="BUILD_ID" value="11"/>
    <property name="TEMP" value="C:\WINDOWS\TEMP"/>
    <property name="sun.boot.library.path" value="C:\Program Files\Java\jdk1.8.0_112\jre\bin"/>
    <property name="sun.management.compiler" value="HotSpot Client Compiler"/>
    <property name="java.awt.graphicsenv" value="sun.awt.Win32GraphicsEnvironment"/>
    <property name="user.variant" value=""/>
    <property name="PROCESSOR_REVISION" value="3d04"/>
    <property name="POM_VERSION" value="1.0-SNAPSHOT"/>
    <property name="HUDSON_HOME" value="C:\Program Files\Jenkins"/>
    <property name="PATH+MAVEN" value="C:\Selenium Automation\apache-maven-3.3.9/bin"/>
    <property name="java.vm.specification.version" value="1.8"/>
    <property name="JAVA_HOME" value="C:\Program Files\Java\jdk1.8.0_112"/>
    <property name="awt.toolkit" value="sun.awt.windows.WToolkit"/>
    <property name="NODE_LABELS" value="master"/>
    <property name="sun.cpu.isalist" value="pentium_pro+mmx pentium_pro pentium+mmx pentium i486 i386 i86"/>
    <property name="USERPROFILE" value="C:\WINDOWS\system32\config\systemprofile"/>
    <property name="_SITE_ProductionSite" value="Yes"/>
    <property name="_REGION_EPORegion" value="CVOP"/>
    <property name="JOB_DISPLAY_URL" value="http://localhost:8080/job/mavendemo/display/redirect"/>
    <property name="java.ext.dirs" value="C:\Program Files\Java\jdk1.8.0_112\jre\lib\ext;C:\WINDOWS\Sun\Java\lib\ext"/>
    <property name="os.version" value="6.1"/>
    <property name="_REGION_RegionName" value="Constantia Kloof"/>
    <property name="user.home" value="C:\WINDOWS\system32\config\systemprofile"/>
    <property name="USERNAME" value="00620JNBITD556L$"/>
    <property name="java.vm.vendor" value="Oracle Corporation"/>
    <property name="PROCESSOR_LEVEL" value="6"/>
    <property name="MAGICK_FILTER_MODULE_PATH" value="C:\Program Files\File Viewer Lite\lib\magick\modules\filters"/>
    <property name="user.dir" value="C:\mavendemo\lab3"/>
    <property name="_COMPUTER_ComputerModel" value="Latitude E7450"/>
    <property name="TMP" value="C:\WINDOWS\TEMP"/>
    <property name="UATDATA" value="C:\WINDOWS\CCM\UATData\D9F8C395-CAB8-491d-B8AC-179A1FE1BE77"/>
    <property name="_COMPUTER_SubnetMask" value="255.255.255.0"/>
    <property name="_SITE_CentreNumber" value="0000000"/>
    <property name="sun.cpu.endian" value="little"/>
    <property name="SystemDrive" value="C:"/>
    <property name="_SITE_SiteName" value="CK 1"/>
    <property name="java.vm.version" value="25.112-b15"/>
    <property name="java.class.path" value="C:\Program Files\Jenkins\plugins\maven-plugin\WEB-INF\lib\maven33-agent-1.8.1.jar;C:\Selenium Automation\apache-maven-3.3.9\boot\plexus-classworlds-2.5.2.jar;C:\Selenium Automation\apache-maven-3.3.9/conf/logging"/>
    <property name="org.slf4j.simpleLogger.defaultLogLevel" value="info"/>
    <property name="os.arch" value="x86"/>
    <property name="WORKSPACE" value="C:\mavendemo\lab3"/>
    <property name="ComSpec" value="C:\WINDOWS\system32\cmd.exe"/>
    <property name="sun.java.launcher" value="SUN_STANDARD"/>
    <property name="SERVICE_ID" value="Jenkins"/>
    <property name="SystemRoot" value="C:\WINDOWS"/>
    <property name="_COMPUTER_BuildType" value="CGS"/>
    <property name="CommonProgramFiles" value="C:\Program Files\Common Files"/>
    <property name="java.vm.specification.vendor" value="Oracle Corporation"/>
    <property name="MAGICK_CODER_MODULE_PATH" value="C:\Program Files\File Viewer Lite\lib\magick\modules\coders"/>
    <property name="file.separator" value="\"/>
    <property name="_COMPUTER_Domain" value="za.sbicdirectory.com"/>
    <property name="java.runtime.version" value="1.8.0_112-b15"/>
    <property name="sun.boot.class.path" value="C:\Program Files\Java\jdk1.8.0_112\jre\lib\resources.jar;C:\Program Files\Java\jdk1.8.0_112\jre\lib\rt.jar;C:\Program Files\Java\jdk1.8.0_112\jre\lib\sunrsasign.jar;C:\Program Files\Java\jdk1.8.0_112\jre\lib\jsse.jar;C:\Program Files\Java\jdk1.8.0_112\jre\lib\jce.jar;C:\Program Files\Java\jdk1.8.0_112\jre\lib\charsets.jar;C:\Program Files\Java\jdk1.8.0_112\jre\lib\jfr.jar;C:\Program Files\Java\jdk1.8.0_112\jre\classes"/>
    <property name="ProgramFiles" value="C:\Program Files"/>
    <property name="_COMPUTER_BuildVersion" value="2.7"/>
    <property name="PATH+JDK" value="C:\Program Files\Java\jdk1.8.0_112/bin"/>
    <property name="user.country" value="ZA"/>
    <property name="_REGION_VAFRegion" value="JNB"/>
    <property name="POM_PACKAGING" value="jar"/>
    <property name="maven.home" value="C:\Selenium Automation\apache-maven-3.3.9"/>
    <property name="JOB_BASE_NAME" value="mavendemo"/>
    <property name="java.vendor" value="Oracle Corporation"/>
    <property name="POM_DISPLAYNAME" value="lab3"/>
    <property name="java.specification.version" value="1.8"/>
    <property name="sun.arch.data.model" value="32"/>
  </properties>
  <testcase classname="com.wipro.CalculatorTest" name="testAdd" time="0.007"/>
  <testcase classname="com.wipro.CalculatorTest" name="testSub" time="0"/>
</testsuite>